Using pre-set license
Built from '2021.1/staging' branch; Version is '2021.1.12f1 (afcadd793de6) revision 11520733'; Using compiler version '192528614'; Build Type 'Release'
OS: 'Windows 10 Pro; OS build 19042.1110; Version 2009; 64bit' Language: 'en' Physical Memory: 7833 MB
BatchMode: 1, IsHumanControllingUs: 0, StartBugReporterOnCrash: 0, Is64bit: 1, IsPro: 0

 COMMAND LINE ARGUMENTS:
C:\Program Files\Unity\Hub\Editor\2021.1.12f1\Editor\Unity.exe
-adb2
-batchMode
-noUpm
-name
AssetImportWorker0
-projectPath
C:/Users/User/Documents/Unity/Projets/Zeppelin/Zeppelin Project
-logFile
Logs/AssetImportWorker0.log
-srvPort
49154
Successfully changed project path to: C:/Users/User/Documents/Unity/Projets/Zeppelin/Zeppelin Project
C:/Users/User/Documents/Unity/Projets/Zeppelin/Zeppelin Project
Using Asset Import Pipeline V2.
Refreshing native plugins compatible for Editor in 87.82 ms, found 2 plugins.
Preloading 0 native plugins for Editor in 0.00 ms.
Initialize engine version: 2021.1.12f1 (afcadd793de6)
[Subsystems] Discovering subsystems at path C:/Program Files/Unity/Hub/Editor/2021.1.12f1/Editor/Data/Resources/UnitySubsystems
[Subsystems] Discovering subsystems at path C:/Users/User/Documents/Unity/Projets/Zeppelin/Zeppelin Project/Assets
GfxDevice: creating device client; threaded=0; jobified=0
Direct3D:
    Version:  Direct3D 11.0 [level 11.1]
    Renderer: Intel(R) HD Graphics 620 (ID=0x5916)
    Vendor:   Intel
    VRAM:     3916 MB
    Driver:   27.20.100.8681
Initialize mono
Mono path[0] = 'C:/Program Files/Unity/Hub/Editor/2021.1.12f1/Editor/Data/Managed'
Mono path[1] = 'C:/Program Files/Unity/Hub/Editor/2021.1.12f1/Editor/Data/MonoBleedingEdge/lib/mono/unityjit'
Mono config path = 'C:/Program Files/Unity/Hub/Editor/2021.1.12f1/Editor/Data/MonoBleedingEdge/etc'
Using monoOptions --debugger-agent=transport=dt_socket,embedding=1,server=y,suspend=n,address=127.0.0.1:56460
Begin MonoManager ReloadAssembly
Registering precompiled unity dll's ...
Register platform support module: C:/Program Files/Unity/Hub/Editor/2021.1.12f1/Editor/Data/PlaybackEngines/WindowsStandaloneSupport/UnityEditor.WindowsStandalone.Extensions.dll
Registered in 0.002018 seconds.
Native extension for WindowsStandalone target not found
Refreshing native plugins compatible for Editor in 59.06 ms, found 2 plugins.
Preloading 0 native plugins for Editor in 0.00 ms.
Mono: successfully reloaded assembly
- Completed reload, in  1.230 seconds
Domain Reload Profiling:
	ReloadAssembly (1230ms)
		BeginReloadAssembly (51ms)
			ExecutionOrderSort (0ms)
			DisableScriptedObjects (0ms)
			BackupInstance (0ms)
			ReleaseScriptingObjects (0ms)
			CreateAndSetChildDomain (1ms)
		EndReloadAssembly (441ms)
			LoadAssemblies (48ms)
			RebuildTransferFunctionScriptingTraits (0ms)
			SetupTypeCache (172ms)
			ReleaseScriptCaches (0ms)
			RebuildScriptCaches (29ms)
			SetupLoadedEditorAssemblies (195ms)
				LogAssemblyErrors (0ms)
				InitializePlatformSupportModulesInManaged (6ms)
				SetLoadedEditorAssemblies (0ms)
				RefreshPlugins (59ms)
				BeforeProcessingInitializeOnLoad (1ms)
				ProcessInitializeOnLoadAttributes (99ms)
				ProcessInitializeOnLoadMethodAttributes (30ms)
				AfterProcessingInitializeOnLoad (0ms)
				EditorAssembliesLoaded (0ms)
			ExecutionOrderSort2 (0ms)
			AwakeInstancesAfterBackupRestoration (0ms)
Platform modules already initialized, skipping
Registering precompiled user dll's ...
Registered in 0.004307 seconds.
Begin MonoManager ReloadAssembly
Native extension for WindowsStandalone target not found
Refreshing native plugins compatible for Editor in 62.66 ms, found 2 plugins.
Preloading 0 native plugins for Editor in 0.00 ms.
Mono: successfully reloaded assembly
- Completed reload, in  1.475 seconds
Domain Reload Profiling:
	ReloadAssembly (1475ms)
		BeginReloadAssembly (178ms)
			ExecutionOrderSort (0ms)
			DisableScriptedObjects (4ms)
			BackupInstance (0ms)
			ReleaseScriptingObjects (0ms)
			CreateAndSetChildDomain (24ms)
		EndReloadAssembly (1144ms)
			LoadAssemblies (153ms)
			RebuildTransferFunctionScriptingTraits (0ms)
			SetupTypeCache (387ms)
			ReleaseScriptCaches (1ms)
			RebuildScriptCaches (77ms)
			SetupLoadedEditorAssemblies (417ms)
				LogAssemblyErrors (0ms)
				InitializePlatformSupportModulesInManaged (4ms)
				SetLoadedEditorAssemblies (0ms)
				RefreshPlugins (63ms)
				BeforeProcessingInitializeOnLoad (68ms)
				ProcessInitializeOnLoadAttributes (271ms)
				ProcessInitializeOnLoadMethodAttributes (5ms)
				AfterProcessingInitializeOnLoad (7ms)
				EditorAssembliesLoaded (0ms)
			ExecutionOrderSort2 (0ms)
			AwakeInstancesAfterBackupRestoration (7ms)
Platform modules already initialized, skipping
========================================================================
Worker process is ready to serve import requests
Launched and connected shader compiler UnityShaderCompiler.exe after 0.04 seconds
Refreshing native plugins compatible for Editor in 0.90 ms, found 2 plugins.
Preloading 0 native plugins for Editor in 0.00 ms.
Unloading 3187 Unused Serialized files (Serialized files now loaded: 0)
System memory in use before: 150.8 MB.
System memory in use after: 151.0 MB.

Unloading 20 unused Assets to reduce memory usage. Loaded Objects now: 3648.
Total: 4.864600 ms (FindLiveObjects: 0.590400 ms CreateObjectMapping: 0.239600 ms MarkObjects: 3.898300 ms  DeleteObjects: 0.134000 ms)

AssetImportParameters requested are different than current active one (requested -> active):
  custom:framework-win-MediaFoundation: 216162199b28c13a410421893ffa2e32 -> 
  custom:video-decoder-ogg-theora: a1e56fd34408186e4bbccfd4996cb3dc -> 
  custom:container-muxer-webm: aa71ff27fc2769a1b78a27578f13a17b -> 
  custom:container-demuxer-webm: 4f35f7cbe854078d1ac9338744f61a02 -> 
  custom:container-demuxer-ogg: 62fdf1f143b41e24485cea50d1cbac27 -> 
  custom:video-encoder-webm-vp8: eb34c28f22e8b96e1ab97ce403110664 -> 
  custom:video-codec-MediaFoundation-h265: 746d11721c4dcdbdad8f713fa42b33f4 -> 
  custom:video-decoder-webm-vp8: 9c59270c3fd7afecdb556c50c9e8de78 -> 
  custom:audio-decoder-ogg-vorbis: bf7c407c2cedff20999df2af8eb42d56 -> 
  custom:audio-encoder-webm-vorbis: bf7c407c2cedff20999df2af8eb42d56 -> 
========================================================================
Received Import Request.
  path: Assets/Prefab/Checkpoint.prefab
  artifactKey: Guid(ad6e3376ba3654346a03570f80731a33) Importer(815301076,1909f56bfc062723c751e8b465ee728b)
Start importing Assets/Prefab/Checkpoint.prefab using Guid(ad6e3376ba3654346a03570f80731a33) Importer(815301076,1909f56bfc062723c751e8b465ee728b)  -> (artifact id: '5af590d157f0a4db97d1e586fb7abeb4') in 0.370467 seconds 
========================================================================
Received Prepare
Registering precompiled user dll's ...
Registered in 0.004629 seconds.
Begin MonoManager ReloadAssembly
Native extension for WindowsStandalone target not found
Refreshing native plugins compatible for Editor in 0.54 ms, found 2 plugins.
Preloading 0 native plugins for Editor in 0.00 ms.
Mono: successfully reloaded assembly
- Completed reload, in  1.544 seconds
Domain Reload Profiling:
	ReloadAssembly (1544ms)
		BeginReloadAssembly (235ms)
			ExecutionOrderSort (0ms)
			DisableScriptedObjects (18ms)
			BackupInstance (0ms)
			ReleaseScriptingObjects (0ms)
			CreateAndSetChildDomain (65ms)
		EndReloadAssembly (1225ms)
			LoadAssemblies (126ms)
			RebuildTransferFunctionScriptingTraits (0ms)
			SetupTypeCache (530ms)
			ReleaseScriptCaches (2ms)
			RebuildScriptCaches (62ms)
			SetupLoadedEditorAssemblies (371ms)
				LogAssemblyErrors (0ms)
				InitializePlatformSupportModulesInManaged (5ms)
				SetLoadedEditorAssemblies (0ms)
				RefreshPlugins (1ms)
				BeforeProcessingInitializeOnLoad (77ms)
				ProcessInitializeOnLoadAttributes (275ms)
				ProcessInitializeOnLoadMethodAttributes (5ms)
				AfterProcessingInitializeOnLoad (7ms)
				EditorAssembliesLoaded (0ms)
			ExecutionOrderSort2 (0ms)
			AwakeInstancesAfterBackupRestoration (16ms)
Platform modules already initialized, skipping
Received signal SIGSEGV
Stack trace:
0x00007ffd5c5a4ce9 (igd10iumd64) OpenAdapter10_2
0x00007ffd5c5a2dbc (igd10iumd64) OpenAdapter10_2
0x00007ffd5c5a2c7d (igd10iumd64) OpenAdapter10_2
0x00007ffd5c525eca (igd10iumd64) OpenAdapter10_2
0x00007ffd6597b52c (d3d11) D3D11CoreCreateDevice
0x00007ffd6596697f (d3d11) 
0x00007ffd659667a4 (d3d11) 
0x00007ffd65988089 (d3d11) D3D11CoreCreateDevice
0x00007ffd65978fdd (d3d11) D3D11CoreCreateDevice
0x00007ffd6597978c (d3d11) D3D11CoreCreateDevice
0x00007ffd659695b4 (d3d11) 
0x00007ffd65969523 (d3d11) 
0x00007ffd659692a8 (d3d11) 
0x00007ff6ca6f9e34 (Unity) D3D11PixelShader::D3D11PixelShader
0x00007ff6cae5993b (Unity) CreateGpuProgram
0x00007ff6ca7967d6 (Unity) GfxDeviceClient::CreateGpuProgram
0x00007ff6cad0d4fb (Unity) ShaderLab::SubProgram::Compile
0x00007ff6cb259789 (Unity) FinalizeVariant
0x00007ff6cb25b776 (Unity) GetSubProgramForShaderSnippet
0x00007ff6cad0dcf9 (Unity) ShaderLab::Program::CompileShaderSubProgram
0x00007ff6cad0ecb4 (Unity) ShaderLab::Program::GetMatchingSubProgram
0x00007ff6cad1448c (Unity) ShaderLab::ShaderState::FindSubProgramsToUse
0x00007ff6cad0a1e8 (Unity) ShaderLab::Pass::PrepareVariant
0x00007ff6cad047d9 (Unity) ShaderVariantCollection::WarmupOneShaderImpl
0x00007ff6cad05110 (Unity) ShaderVariantCollection::WarmupShadersImpl
0x00007ff6cb263dc4 (Unity) WarmupEditorShaders
0x00007ff6cc6ebd6e (Unity) Shader::ReloadAllShaders
0x00007ff6cb85328c (Unity) <lambda_15c8da1c90a30e86cd2096f929d4dd2f>::operator()
0x00007ff6cb8da0e2 (Unity) asio::detail::completion_handler<core::mutable_function<void __cdecl(void)> >::do_complete
0x00007ff6cb8dc350 (Unity) asio::detail::win_iocp_io_service::do_one
0x00007ff6cb8dfa3e (Unity) asio::io_service::run
0x00007ff6cb87bf1a (Unity) RunAssetImportWorkerClientV2
0x00007ff6cb87bf70 (Unity) RunAssetImporterV2
0x00007ff6cb37f847 (Unity) Application::InitializeProject
0x00007ff6cb78ef37 (Unity) WinMain
0x00007ff6cd2bcc72 (Unity) __scrt_common_main_seh
0x00007ffd6b457034 (KERNEL32) BaseThreadInitThunk
0x00007ffd6c062651 (ntdll) RtlUserThreadStart

